<?xml version="1.0" encoding="UTF-8"?>
<testng-results skipped="0" failed="0" total="1" passed="1">
  <reporter-output>
  </reporter-output>
  <suite name="Default suite" duration-ms="15310" started-at="2017-08-19T11:16:03Z" finished-at="2017-08-19T11:16:18Z">
    <groups>
    </groups>
    <test name="Default test" duration-ms="15310" started-at="2017-08-19T11:16:03Z" finished-at="2017-08-19T11:16:18Z">
      <class name="com.org.sunbird.Table">
        <test-method status="PASS" signature="setup()[pri:0, instance:com.org.sunbird.Table@18be83e4]" name="setup" is-config="true" duration-ms="11136" started-at="2017-08-19T16:46:03Z" finished-at="2017-08-19T16:46:14Z">
          <reporter-output>
          </reporter-output>
        </test-method> <!-- setup -->
        <test-method status="PASS" signature="Handle_Dynamic_Webtable()[pri:0, instance:com.org.sunbird.Table@18be83e4]" name="Handle_Dynamic_Webtable" duration-ms="2080" started-at="2017-08-19T16:46:14Z" finished-at="2017-08-19T16:46:16Z">
          <reporter-output>
          </reporter-output>
        </test-method> <!-- Handle_Dynamic_Webtable -->
        <test-method status="PASS" signature="tearDown()[pri:0, instance:com.org.sunbird.Table@18be83e4]" name="tearDown" is-config="true" duration-ms="2044" started-at="2017-08-19T16:46:16Z" finished-at="2017-08-19T16:46:18Z">
          <reporter-output>
          </reporter-output>
        </test-method> <!-- tearDown -->
      </class> <!-- com.org.sunbird.Table -->
    </test> <!-- Default test -->
  </suite> <!-- Default suite -->
</testng-results>
