<?xml version="1.0" encoding="UTF-8"?>
<testng-results skipped="0" failed="0" total="1" passed="1">
  <reporter-output>
  </reporter-output>
  <suite name="Default suite" duration-ms="16934" started-at="2017-08-14T16:24:44Z" finished-at="2017-08-14T16:25:01Z">
    <groups>
    </groups>
    <test name="Default test" duration-ms="16934" started-at="2017-08-14T16:24:44Z" finished-at="2017-08-14T16:25:01Z">
      <class name="com.org.sunbird.Table">
        <test-method status="PASS" signature="setup()[pri:0, instance:com.org.sunbird.Table@15530b9]" name="setup" is-config="true" duration-ms="13517" started-at="2017-08-14T21:54:44Z" finished-at="2017-08-14T21:54:57Z">
          <reporter-output>
          </reporter-output>
        </test-method> <!-- setup -->
        <test-method status="PASS" signature="Handle_Dynamic_Webtable()[pri:0, instance:com.org.sunbird.Table@15530b9]" name="Handle_Dynamic_Webtable" duration-ms="1193" started-at="2017-08-14T21:54:57Z" finished-at="2017-08-14T21:54:58Z">
          <reporter-output>
          </reporter-output>
        </test-method> <!-- Handle_Dynamic_Webtable -->
        <test-method status="PASS" signature="tearDown()[pri:0, instance:com.org.sunbird.Table@15530b9]" name="tearDown" is-config="true" duration-ms="2204" started-at="2017-08-14T21:54:58Z" finished-at="2017-08-14T21:55:01Z">
          <reporter-output>
          </reporter-output>
        </test-method> <!-- tearDown -->
      </class> <!-- com.org.sunbird.Table -->
    </test> <!-- Default test -->
  </suite> <!-- Default suite -->
</testng-results>
